[debug] [2025-01-07T01:01:32.911Z] ----------------------------------------------------------------------
[debug] [2025-01-07T01:01:32.913Z] Command:       C:\Program Files\nodejs\node.exe C:\Users\tanne\AppData\Roaming\npm\node_modules\firebase-tools\lib\bin\firebase.js deploy
[debug] [2025-01-07T01:01:32.913Z] CLI Version:   11.22.0
[debug] [2025-01-07T01:01:32.913Z] Platform:      win32
[debug] [2025-01-07T01:01:32.913Z] Node Version:  v20.12.2
[debug] [2025-01-07T01:01:32.913Z] Time:          Mon Jan 06 2025 19:01:32 GMT-0600 (Central Standard Time)
[debug] [2025-01-07T01:01:32.913Z] ----------------------------------------------------------------------
[debug] 
[debug] [2025-01-07T01:01:32.916Z] >>> [apiv2][query] GET https://firebase-public.firebaseio.com/cli.json [none]
[debug] [2025-01-07T01:01:32.998Z] > command requires scopes: ["email","openid","https://www.googleapis.com/auth/cloudplatformprojects.readonly","https://www.googleapis.com/auth/firebase","https://www.googleapis.com/auth/cloud-platform"]
[debug] [2025-01-07T01:01:32.999Z] > authorizing via signed-in user (splatoonman723@gmail.com)
[debug] [2025-01-07T01:01:32.999Z] [iam] checking project booker-main for permissions ["firebase.projects.get","firebasehosting.sites.update"]
[debug] [2025-01-07T01:01:32.999Z] > refreshing access token with scopes: []
[debug] [2025-01-07T01:01:33.000Z] >>> [apiv2][query] POST https://www.googleapis.com/oauth2/v3/token [none]
[debug] [2025-01-07T01:01:33.000Z] >>> [apiv2][body] POST https://www.googleapis.com/oauth2/v3/token [omitted]
[debug] [2025-01-07T01:01:33.162Z] <<< [apiv2][status] POST https://www.googleapis.com/oauth2/v3/token 400
[debug] [2025-01-07T01:01:33.162Z] <<< [apiv2][body] POST https://www.googleapis.com/oauth2/v3/token [omitted]
[debug] [2025-01-07T01:01:33.162Z] >>> [apiv2][query] POST https://cloudresourcemanager.googleapis.com/v1/projects/booker-main:testIamPermissions [none]
[debug] [2025-01-07T01:01:33.163Z] >>> [apiv2][(partial)header] POST https://cloudresourcemanager.googleapis.com/v1/projects/booker-main:testIamPermissions x-goog-quota-user=projects/booker-main
[debug] [2025-01-07T01:01:33.163Z] >>> [apiv2][body] POST https://cloudresourcemanager.googleapis.com/v1/projects/booker-main:testIamPermissions {"permissions":["firebase.projects.get","firebasehosting.sites.update"]}
[debug] [2025-01-07T01:01:33.172Z] <<< [apiv2][status] GET https://firebase-public.firebaseio.com/cli.json 200
[debug] [2025-01-07T01:01:33.172Z] <<< [apiv2][body] GET https://firebase-public.firebaseio.com/cli.json {"cloudBuildErrorAfter":1594252800000,"cloudBuildWarnAfter":1590019200000,"defaultNode10After":1594252800000,"minVersion":"3.0.5","node8DeploysDisabledAfter":1613390400000,"node8RuntimeDisabledAfter":1615809600000,"node8WarnAfter":1600128000000}
[debug] [2025-01-07T01:01:33.442Z] <<< [apiv2][status] POST https://cloudresourcemanager.googleapis.com/v1/projects/booker-main:testIamPermissions 401
[debug] [2025-01-07T01:01:33.442Z] <<< [apiv2][body] POST https://cloudresourcemanager.googleapis.com/v1/projects/booker-main:testIamPermissions {"error":{"code":401,"message":"Request had invalid authentication credentials. Expected OAuth 2 access token, login cookie or other valid authentication credential. See https://developers.google.com/identity/sign-in/web/devconsole-project.","status":"UNAUTHENTICATED","details":[{"@type":"type.googleapis.com/google.rpc.ErrorInfo","reason":"ACCESS_TOKEN_TYPE_UNSUPPORTED","metadata":{"method":"google.cloudresourcemanager.v1.Projects.TestIamPermissions","service":"cloudresourcemanager.googleapis.com"}}]}}
[debug] [2025-01-07T01:01:33.442Z] [iam] error while checking permissions, command may fail: FirebaseError: HTTP Error: 401, Request had invalid authentication credentials. Expected OAuth 2 access token, login cookie or other valid authentication credential. See https://developers.google.com/identity/sign-in/web/devconsole-project.
[debug] [2025-01-07T01:01:33.443Z] > refreshing access token with scopes: []
[debug] [2025-01-07T01:01:33.443Z] >>> [apiv2][query] POST https://www.googleapis.com/oauth2/v3/token [none]
[debug] [2025-01-07T01:01:33.443Z] >>> [apiv2][body] POST https://www.googleapis.com/oauth2/v3/token [omitted]
[debug] [2025-01-07T01:01:33.498Z] <<< [apiv2][status] POST https://www.googleapis.com/oauth2/v3/token 400
[debug] [2025-01-07T01:01:33.498Z] <<< [apiv2][body] POST https://www.googleapis.com/oauth2/v3/token [omitted]
[debug] [2025-01-07T01:01:33.498Z] >>> [apiv2][query] GET https://firebase.googleapis.com/v1beta1/projects/booker-main [none]
[debug] [2025-01-07T01:01:33.742Z] <<< [apiv2][status] GET https://firebase.googleapis.com/v1beta1/projects/booker-main 401
[debug] [2025-01-07T01:01:33.742Z] <<< [apiv2][body] GET https://firebase.googleapis.com/v1beta1/projects/booker-main {"error":{"code":401,"message":"Request had invalid authentication credentials. Expected OAuth 2 access token, login cookie or other valid authentication credential. See https://developers.google.com/identity/sign-in/web/devconsole-project.","status":"UNAUTHENTICATED"}}
[debug] [2025-01-07T01:01:33.742Z] HTTP Error: 401, Request had invalid authentication credentials. Expected OAuth 2 access token, login cookie or other valid authentication credential. See https://developers.google.com/identity/sign-in/web/devconsole-project.
[debug] [2025-01-07T01:01:33.743Z] FirebaseError: HTTP Error: 401, Request had invalid authentication credentials. Expected OAuth 2 access token, login cookie or other valid authentication credential. See https://developers.google.com/identity/sign-in/web/devconsole-project.
    at responseToError (C:\Users\tanne\AppData\Roaming\npm\node_modules\firebase-tools\lib\responseToError.js:49:12)
    at RetryOperation._fn (C:\Users\tanne\AppData\Roaming\npm\node_modules\firebase-tools\lib\apiv2.js:288:77)
    at process.processTicksAndRejections (node:internal/process/task_queues:95:5)
[error] 
[error] Error: Failed to get Firebase project booker-main. Please make sure the project exists and your account has permission to access it.
